2023-07-26T14:40:12.242+05:30  INFO 16112 --- [restartedMain] com.example.demo.NewProjectApplication   : Starting NewProjectApplication using Java 17.0.6 with PID 16112 (C:\Users\Taran\Downloads\Hotel Table Booking (2)\Hotel Table Booking\target\classes started by Taran in C:\Users\Taran\Downloads\Hotel Table Booking (2)\Hotel Table Booking)
2023-07-26T14:40:12.250+05:30  INFO 16112 --- [restartedMain] com.example.demo.NewProjectApplication   : No active profile set, falling back to 1 default profile: "default"
2023-07-26T14:40:12.329+05:30  INFO 16112 --- [restartedMain] .e.DevToolsPropertyDefaultsPostProcessor : Devtools property defaults active! Set 'spring.devtools.add-properties' to 'false' to disable
2023-07-26T14:40:12.330+05:30  INFO 16112 --- [restartedMain] .e.DevToolsPropertyDefaultsPostProcessor : For additional web related logging consider setting the 'logging.level.web' property to 'DEBUG'
2023-07-26T14:40:13.081+05:30  INFO 16112 --- [restartedMain] .s.d.r.c.RepositoryConfigurationDelegate : Bootstrapping Spring Data JPA repositories in DEFAULT mode.
2023-07-26T14:40:13.151+05:30  INFO 16112 --- [restartedMain] .s.d.r.c.RepositoryConfigurationDelegate : Finished Spring Data repository scanning in 59 ms. Found 2 JPA repository interfaces.
2023-07-26T14:40:13.926+05:30  INFO 16112 --- [restartedMain] o.s.b.w.embedded.tomcat.TomcatWebServer  : Tomcat initialized with port(s): 2024 (http)
2023-07-26T14:40:13.940+05:30  INFO 16112 --- [restartedMain] o.apache.catalina.core.StandardService   : Starting service [Tomcat]
2023-07-26T14:40:13.941+05:30  INFO 16112 --- [restartedMain] o.apache.catalina.core.StandardEngine    : Starting Servlet engine: [Apache Tomcat/10.1.5]
2023-07-26T14:40:14.008+05:30  INFO 16112 --- [restartedMain] o.a.c.c.C.[Tomcat].[localhost].[/]       : Initializing Spring embedded WebApplicationContext
2023-07-26T14:40:14.009+05:30  INFO 16112 --- [restartedMain] w.s.c.ServletWebServerApplicationContext : Root WebApplicationContext: initialization completed in 1677 ms
2023-07-26T14:40:14.190+05:30  INFO 16112 --- [restartedMain] o.hibernate.jpa.internal.util.LogHelper  : HHH000204: Processing PersistenceUnitInfo [name: default]
2023-07-26T14:40:14.270+05:30  INFO 16112 --- [restartedMain] org.hibernate.Version                    : HHH000412: Hibernate ORM core version 6.1.7.Final
2023-07-26T14:40:14.594+05:30  INFO 16112 --- [restartedMain] com.zaxxer.hikari.HikariDataSource       : HikariPool-1 - Starting...
2023-07-26T14:40:14.598+05:30  WARN 16112 --- [restartedMain] c.zaxxer.hikari.util.DriverDataSource    : Registered driver with driverClassName=com.mysql.jdbc.Driver was not found, trying direct instantiation.
2023-07-26T14:40:14.904+05:30  INFO 16112 --- [restartedMain] com.zaxxer.hikari.pool.HikariPool        : HikariPool-1 - Added connection com.mysql.cj.jdbc.ConnectionImpl@33d730c3
2023-07-26T14:40:14.907+05:30  INFO 16112 --- [restartedMain] com.zaxxer.hikari.HikariDataSource       : HikariPool-1 - Start completed.
2023-07-26T14:40:14.928+05:30  WARN 16112 --- [restartedMain] org.hibernate.dialect.Dialect            : HHH000511: The 5.0.0 version for [org.hibernate.dialect.MySQL5Dialect] is no longer supported, hence certain features may not work properly. The minimum supported version is 5.7.0. Check the community dialects project for available legacy versions.
2023-07-26T14:40:14.931+05:30  INFO 16112 --- [restartedMain] SQL dialect                              : HHH000400: Using dialect: org.hibernate.dialect.MySQL5Dialect
2023-07-26T14:40:14.933+05:30  WARN 16112 --- [restartedMain] org.hibernate.orm.deprecation            : HHH90000026: MySQL5Dialect has been deprecated; use org.hibernate.dialect.MySQLDialect instead
2023-07-26T14:40:15.814+05:30  INFO 16112 --- [restartedMain] o.h.e.t.j.p.i.JtaPlatformInitiator       : HHH000490: Using JtaPlatform implementation: [org.hibernate.engine.transaction.jta.platform.internal.NoJtaPlatform]
2023-07-26T14:40:15.827+05:30  INFO 16112 --- [restartedMain] j.LocalContainerEntityManagerFactoryBean : Initialized JPA EntityManagerFactory for persistence unit 'default'
2023-07-26T14:40:16.146+05:30  WARN 16112 --- [restartedMain] ocalVariableTableParameterNameDiscoverer : Using deprecated '-debug' fallback for parameter name resolution. Compile the affected code with '-parameters' instead or avoid its introspection: com.example.demo.Repo.LoginRepo
2023-07-26T14:40:16.270+05:30  WARN 16112 --- [restartedMain] JpaBaseConfiguration$JpaWebConfiguration : spring.jpa.open-in-view is enabled by default. Therefore, database queries may be performed during view rendering. Explicitly configure spring.jpa.open-in-view to disable this warning
2023-07-26T14:40:16.757+05:30  WARN 16112 --- [restartedMain] o.s.b.d.a.OptionalLiveReloadServer       : Unable to start LiveReload server
2023-07-26T14:40:16.803+05:30  INFO 16112 --- [restartedMain] o.s.b.w.embedded.tomcat.TomcatWebServer  : Tomcat started on port(s): 2024 (http) with context path ''
2023-07-26T14:40:16.813+05:30  INFO 16112 --- [restartedMain] com.example.demo.NewProjectApplication   : Started NewProjectApplication in 5.003 seconds (process running for 5.754)
2023-07-26T14:46:00.161+05:30  WARN 16112 --- [HikariPool-1 housekeeper] com.zaxxer.hikari.pool.HikariPool        : HikariPool-1 - Thread starvation or clock leap detected (housekeeper delta=45s77ms986µs900ns).
2023-07-26T14:56:41.085+05:30  WARN 16112 --- [HikariPool-1 housekeeper] com.zaxxer.hikari.pool.HikariPool        : HikariPool-1 - Thread starvation or clock leap detected (housekeeper delta=7m10s879ms536µs700ns).
2023-07-26T15:26:38.781+05:30  WARN 16112 --- [HikariPool-1 housekeeper] com.zaxxer.hikari.pool.HikariPool        : HikariPool-1 - Thread starvation or clock leap detected (housekeeper delta=19m27s532ms228µs600ns).
2023-07-26T15:30:11.771+05:30  WARN 16112 --- [HikariPool-1 housekeeper] com.zaxxer.hikari.pool.HikariPool        : HikariPool-1 - Thread starvation or clock leap detected (housekeeper delta=3m2s975ms620µs400ns).
2023-07-26T15:48:31.416+05:30  WARN 16112 --- [HikariPool-1 housekeeper] com.zaxxer.hikari.pool.HikariPool        : HikariPool-1 - Thread starvation or clock leap detected (housekeeper delta=10m49s493ms82µs100ns).
2023-07-26T16:36:39.200+05:30  WARN 16112 --- [HikariPool-1 housekeeper] com.zaxxer.hikari.pool.HikariPool        : HikariPool-1 - Thread starvation or clock leap detected (housekeeper delta=36m7s574ms537µs200ns).
2023-07-26T16:47:14.625+05:30  WARN 16112 --- [HikariPool-1 housekeeper] com.zaxxer.hikari.pool.HikariPool        : HikariPool-1 - Thread starvation or clock leap detected (housekeeper delta=1m35s347ms717µs600ns).
2023-07-26T16:56:03.678+05:30  INFO 16112 --- [RMI TCP Connection(77)-127.0.0.1] inMXBeanRegistrar$SpringApplicationAdmin : Application shutdown requested.
2023-07-26T16:56:03.849+05:30  INFO 16112 --- [RMI TCP Connection(77)-127.0.0.1] o.apache.catalina.core.StandardService   : Stopping service [Tomcat]
2023-07-26T16:56:03.966+05:30  INFO 16112 --- [RMI TCP Connection(77)-127.0.0.1] j.LocalContainerEntityManagerFactoryBean : Closing JPA EntityManagerFactory for persistence unit 'default'
2023-07-26T16:56:04.037+05:30  INFO 16112 --- [RMI TCP Connection(77)-127.0.0.1] com.zaxxer.hikari.HikariDataSource       : HikariPool-1 - Shutdown initiated...
2023-07-26T16:56:04.056+05:30  INFO 16112 --- [RMI TCP Connection(77)-127.0.0.1] com.zaxxer.hikari.HikariDataSource       : HikariPool-1 - Shutdown completed.
